<?xml version="1.0" encoding="UTF-8"?>
<!-- Generated by org.testng.reporters.JUnitXMLReporter -->
<testsuite hostname="Lenovo-PC" name="Test One" tests="1" failures="1" timestamp="16 Jan 2017 05:44:52 GMT" time="0.061" errors="0">
  <testcase name="SecondTestverifyRegisterLink" time="0.032" classname="TestNGPackage.TestNGSecondProgram">
    <failure type="java.lang.NullPointerException">
      <![CDATA[java.lang.NullPointerException
	at TestNGPackage.TestNGSecondProgram.SecondTestverifyRegisterLink(TestNGSecondProgram.java:42)
... Removed 24 stack frames]]>
    </failure>
  </testcase> <!-- SecondTestverifyRegisterLink -->
</testsuite> <!-- Test One -->
