<?xml version="1.0" encoding="UTF-8"?>
<!-- Generated by org.testng.reporters.JUnitXMLReporter -->
<testsuite hostname="Lenovo-PC" name="RegresionTest two" tests="3" failures="0" timestamp="19 Jan 2017 01:54:13 GMT" time="82.557" errors="0">
  <testcase name="FirstTestverifyRegisterLink" time="5.276" classname="TestNGPackage.TestNGFirstProgram"/>
  <testcase name="SecondTestverifyRegisterLink" time="5.416" classname="TestNGPackage.TestNGSecondProgram"/>
  <testcase name="SecondTestuserRegistration" time="8.512" classname="TestNGPackage.TestNGSecondProgram"/>
</testsuite> <!-- RegresionTest two -->
