<?xml version="1.0" encoding="UTF-8"?>
<!-- Generated by org.testng.reporters.JUnitXMLReporter -->
<testsuite hostname="Lenovo-PC" name="Release1 test" tests="3" failures="1" timestamp="7 Jul 2017 01:49:22 GMT" time="88.047" errors="0">
  <testcase name="FirstTestverifyRegisterLink" time="5.469" classname="TestNGPackage.TestNGFirstProgram">
    <failure type="java.lang.AssertionError" message="expected [Register: Mercury Tours1] but found [Register: Mercury Tours]">
      <![CDATA[java.lang.AssertionError: expected [Register: Mercury Tours1] but found [Register: Mercury Tours]
	at TestNGPackage.TestNGFirstProgram.FirstTestverifyRegisterLink(TestNGFirstProgram.java:67)
... Removed 29 stack frames]]>
    </failure>
  </testcase> <!-- FirstTestverifyRegisterLink -->
  <testcase name="SecondTestverifyRegisterLink" time="5.377" classname="TestNGPackage.TestNGSecondProgram"/>
  <testcase name="SecondTestuserRegistration" time="7.42" classname="TestNGPackage.TestNGSecondProgram"/>
</testsuite> <!-- Release1 test -->
